<?xml version="1.0" encoding="utf-8"?>
<TestRun id="7bb32cf2-42f4-4e7b-be4b-d2313475cd1d" name="H9B2T72-SHEL$@H9B2T72-SHEL 2022-09-05 17:59:34" runUser="NT AUTHORITY\SYSTEM" xmlns="http://microsoft.com/schemas/VisualStudio/TeamTest/2010">
  <Times creation="2022-09-05T17:59:34.4550694+06:00" queuing="2022-09-05T17:59:34.4550697+06:00" start="2022-09-05T17:59:32.2079601+06:00" finish="2022-09-05T17:59:34.4619413+06:00" />
  <TestSettings name="default" id="a46b2f0f-a59d-496e-8cdd-906cd505840c">
    <Deployment runDeploymentRoot="H9B2T72-SHEL$_H9B2T72-SHEL_2022-09-05_17_59_34" />
  </TestSettings>
  <Results>
    <UnitTestResult executionId="26c95e7c-798f-4435-82c1-b7f23ebf9617" testId="82db36af-7a46-4946-bfb4-ffaa3eb457b2" testName="TestMethod1" computerName="H9B2T72-SHEL" duration="00:00:00.0203702" startTime="2022-09-05T17:59:34.2341786+06:00" endTime="2022-09-05T17:59:34.2895441+06:00" testType="13cdc9d9-ddb5-4fa4-a97d-d965ccfc6d4b" outcome="Passed" testListId="8c84fa94-04c1-424b-9868-57a2d4851a1d" relativeResultsDirectory="26c95e7c-798f-4435-82c1-b7f23ebf9617" />
  </Results>
  <TestDefinitions>
    <UnitTest name="TestMethod1" storage="c:\users\etg1\source\repos\testproject1\bin\debug\net6.0\testproject1.dll" id="82db36af-7a46-4946-bfb4-ffaa3eb457b2">
      <Execution id="26c95e7c-798f-4435-82c1-b7f23ebf9617" />
      <TestMethod codeBase="C:\Users\Etg1\source\repos\TestProject1\bin\Debug\net6.0\TestProject1.dll" adapterTypeName="executor://mstestadapter/v2" className="TestProject1.UnitTest1" name="TestMethod1" />
    </UnitTest>
  </TestDefinitions>
  <TestEntries>
    <TestEntry testId="82db36af-7a46-4946-bfb4-ffaa3eb457b2" executionId="26c95e7c-798f-4435-82c1-b7f23ebf9617" testListId="8c84fa94-04c1-424b-9868-57a2d4851a1d" />
  </TestEntries>
  <TestLists>
    <TestList name="Results Not in a List" id="8c84fa94-04c1-424b-9868-57a2d4851a1d" />
    <TestList name="All Loaded Results" id="19431567-8539-422a-85d7-44ee4e166bda" />
  </TestLists>
  <ResultSummary outcome="Completed">
    <Counters total="1" executed="1" passed="1" failed="0" error="0" timeout="0" aborted="0" inconclusive="0" passedButRunAborted="0" notRunnable="0" notExecuted="0" disconnected="0" warning="0" completed="0" inProgress="0" pending="0" />
  </ResultSummary>
</TestRun>