<?xml version="1.0" encoding="utf-8"?>
<TestRun id="0450a959-708c-48b9-996c-d3b86365562a" name="H9B2T72-SHEL$@H9B2T72-SHEL 2022-09-05 18:00:06" runUser="NT AUTHORITY\SYSTEM" xmlns="http://microsoft.com/schemas/VisualStudio/TeamTest/2010">
  <Times creation="2022-09-05T18:00:06.4963408+06:00" queuing="2022-09-05T18:00:06.4963411+06:00" start="2022-09-05T18:00:05.6821551+06:00" finish="2022-09-05T18:00:06.5026624+06:00" />
  <TestSettings name="default" id="d325097f-6ffa-452f-8da5-474d8fb64d82">
    <Deployment runDeploymentRoot="H9B2T72-SHEL$_H9B2T72-SHEL_2022-09-05_18_00_06" />
  </TestSettings>
  <Results>
    <UnitTestResult executionId="ceea748a-d902-4230-bb87-2179cec972c2" testId="1a495f52-4cef-4661-bc28-76d04e2590a9" testName="TestMethod1" computerName="H9B2T72-SHEL" duration="00:00:00.0051435" startTime="2022-09-05T18:00:06.3127080+06:00" endTime="2022-09-05T18:00:06.3335909+06:00" testType="13cdc9d9-ddb5-4fa4-a97d-d965ccfc6d4b" outcome="Passed" testListId="8c84fa94-04c1-424b-9868-57a2d4851a1d" relativeResultsDirectory="ceea748a-d902-4230-bb87-2179cec972c2" />
  </Results>
  <TestDefinitions>
    <UnitTest name="TestMethod1" storage="c:\users\etg1\source\repos\testproject1\bin\debug\net6.0\testproject1.dll" id="1a495f52-4cef-4661-bc28-76d04e2590a9">
      <Execution id="ceea748a-d902-4230-bb87-2179cec972c2" />
      <TestMethod codeBase="C:\Users\Etg1\source\repos\TestProject1\bin\Debug\net6.0\TestProject1.dll" adapterTypeName="executor://mstestadapter/v2" className="TestProject1.UnitTest1" name="TestMethod1" />
    </UnitTest>
  </TestDefinitions>
  <TestEntries>
    <TestEntry testId="1a495f52-4cef-4661-bc28-76d04e2590a9" executionId="ceea748a-d902-4230-bb87-2179cec972c2" testListId="8c84fa94-04c1-424b-9868-57a2d4851a1d" />
  </TestEntries>
  <TestLists>
    <TestList name="Results Not in a List" id="8c84fa94-04c1-424b-9868-57a2d4851a1d" />
    <TestList name="All Loaded Results" id="19431567-8539-422a-85d7-44ee4e166bda" />
  </TestLists>
  <ResultSummary outcome="Completed">
    <Counters total="1" executed="1" passed="1" failed="0" error="0" timeout="0" aborted="0" inconclusive="0" passedButRunAborted="0" notRunnable="0" notExecuted="0" disconnected="0" warning="0" completed="0" inProgress="0" pending="0" />
  </ResultSummary>
</TestRun>