<?xml version="1.0" encoding="utf-8"?>
<TestRun id="2de9ec94-9e24-4434-83ab-d7a497c6d140" name="H9B2T72-SHEL$@H9B2T72-SHEL 2022-09-05 18:55:31" runUser="NT AUTHORITY\SYSTEM" xmlns="http://microsoft.com/schemas/VisualStudio/TeamTest/2010">
  <Times creation="2022-09-05T18:55:31.3537104+06:00" queuing="2022-09-05T18:55:31.3537107+06:00" start="2022-09-05T18:55:30.5529336+06:00" finish="2022-09-05T18:55:31.3605642+06:00" />
  <TestSettings name="default" id="b59f5357-a1da-4bf0-b005-237ec07563f5">
    <Deployment runDeploymentRoot="H9B2T72-SHEL$_H9B2T72-SHEL_2022-09-05_18_55_31" />
  </TestSettings>
  <Results>
    <UnitTestResult executionId="09fb4b45-cdb4-4624-aef3-413a10413092" testId="2ade1927-b911-4d9e-823a-ece17495a8f5" testName="TestMethod1" computerName="H9B2T72-SHEL" duration="00:00:00.0049060" startTime="2022-09-05T18:55:31.1677339+06:00" endTime="2022-09-05T18:55:31.1895552+06:00" testType="13cdc9d9-ddb5-4fa4-a97d-d965ccfc6d4b" outcome="Passed" testListId="8c84fa94-04c1-424b-9868-57a2d4851a1d" relativeResultsDirectory="09fb4b45-cdb4-4624-aef3-413a10413092" />
    <UnitTestResult executionId="dc9a7de8-7858-4976-acf3-28fafd0552ce" testId="bf43d395-2d4b-4363-9396-ee83a343c27d" testName="TestYearsOfExp" computerName="H9B2T72-SHEL" duration="00:00:00.0004915" startTime="2022-09-05T18:55:31.1967932+06:00" endTime="2022-09-05T18:55:31.1975211+06:00" testType="13cdc9d9-ddb5-4fa4-a97d-d965ccfc6d4b" outcome="Passed" testListId="8c84fa94-04c1-424b-9868-57a2d4851a1d" relativeResultsDirectory="dc9a7de8-7858-4976-acf3-28fafd0552ce" />
  </Results>
  <TestDefinitions>
    <UnitTest name="TestYearsOfExp" storage="c:\users\etg1\source\repos\employeetest\bin\debug\net6.0\employeetest.dll" id="bf43d395-2d4b-4363-9396-ee83a343c27d">
      <Execution id="dc9a7de8-7858-4976-acf3-28fafd0552ce" />
      <TestMethod codeBase="C:\Users\Etg1\source\repos\EmployeeTest\bin\Debug\net6.0\EmployeeTest.dll" adapterTypeName="executor://mstestadapter/v2" className="EmployeeTest.UnitTest1" name="TestYearsOfExp" />
    </UnitTest>
    <UnitTest name="TestMethod1" storage="c:\users\etg1\source\repos\employeetest\bin\debug\net6.0\employeetest.dll" id="2ade1927-b911-4d9e-823a-ece17495a8f5">
      <Execution id="09fb4b45-cdb4-4624-aef3-413a10413092" />
      <TestMethod codeBase="C:\Users\Etg1\source\repos\EmployeeTest\bin\Debug\net6.0\EmployeeTest.dll" adapterTypeName="executor://mstestadapter/v2" className="EmployeeTest.UnitTest1" name="TestMethod1" />
    </UnitTest>
  </TestDefinitions>
  <TestEntries>
    <TestEntry testId="2ade1927-b911-4d9e-823a-ece17495a8f5" executionId="09fb4b45-cdb4-4624-aef3-413a10413092" testListId="8c84fa94-04c1-424b-9868-57a2d4851a1d" />
    <TestEntry testId="bf43d395-2d4b-4363-9396-ee83a343c27d" executionId="dc9a7de8-7858-4976-acf3-28fafd0552ce" testListId="8c84fa94-04c1-424b-9868-57a2d4851a1d" />
  </TestEntries>
  <TestLists>
    <TestList name="Results Not in a List" id="8c84fa94-04c1-424b-9868-57a2d4851a1d" />
    <TestList name="All Loaded Results" id="19431567-8539-422a-85d7-44ee4e166bda" />
  </TestLists>
  <ResultSummary outcome="Completed">
    <Counters total="2" executed="2" passed="2" failed="0" error="0" timeout="0" aborted="0" inconclusive="0" passedButRunAborted="0" notRunnable="0" notExecuted="0" disconnected="0" warning="0" completed="0" inProgress="0" pending="0" />
  </ResultSummary>
</TestRun>